[2023-12-16T15:08:46.592+0500] {taskinstance.py:1159} INFO - Dependencies all met for dep_context=non-requeueable deps ti=<TaskInstance: etl_json_dag.git_commit manual__2023-12-16T10:08:31.283565+00:00 [queued]>
[2023-12-16T15:08:46.597+0500] {taskinstance.py:1159} INFO - Dependencies all met for dep_context=requeueable deps ti=<TaskInstance: etl_json_dag.git_commit manual__2023-12-16T10:08:31.283565+00:00 [queued]>
[2023-12-16T15:08:46.597+0500] {taskinstance.py:1361} INFO - Starting attempt 1 of 2
[2023-12-16T15:08:46.617+0500] {taskinstance.py:1382} INFO - Executing <Task(BashOperator): git_commit> on 2023-12-16 10:08:31.283565+00:00
[2023-12-16T15:08:46.619+0500] {standard_task_runner.py:57} INFO - Started process 40335 to run task
[2023-12-16T15:08:46.622+0500] {standard_task_runner.py:84} INFO - Running: ['airflow', 'tasks', 'run', 'etl_json_dag', 'git_commit', 'manual__2023-12-16T10:08:31.283565+00:00', '--job-id', '64', '--raw', '--subdir', 'DAGS_FOLDER/etl_dag.py', '--cfg-path', '/tmp/tmp4yk9q76f']
[2023-12-16T15:08:46.623+0500] {standard_task_runner.py:85} INFO - Job 64: Subtask git_commit
[2023-12-16T15:08:46.658+0500] {task_command.py:416} INFO - Running <TaskInstance: etl_json_dag.git_commit manual__2023-12-16T10:08:31.283565+00:00 [running]> on host DESKTOP-32G5QSE.
[2023-12-16T15:08:46.715+0500] {taskinstance.py:1662} INFO - Exporting env vars: AIRFLOW_CTX_DAG_OWNER='airflow' AIRFLOW_CTX_DAG_ID='etl_json_dag' AIRFLOW_CTX_TASK_ID='git_commit' AIRFLOW_CTX_EXECUTION_DATE='2023-12-16T10:08:31.283565+00:00' AIRFLOW_CTX_TRY_NUMBER='1' AIRFLOW_CTX_DAG_RUN_ID='manual__2023-12-16T10:08:31.283565+00:00'
[2023-12-16T15:08:46.721+0500] {subprocess.py:63} INFO - Tmp dir root location: /tmp
[2023-12-16T15:08:46.721+0500] {subprocess.py:75} INFO - Running command: ['/usr/bin/bash', '-c', 'cd /home/sourav/airflow && git add . && git commit -m "Update data file"']
[2023-12-16T15:08:46.726+0500] {subprocess.py:86} INFO - Output:
[2023-12-16T15:08:47.497+0500] {subprocess.py:93} INFO - [new 7fb2d51] Update data file
[2023-12-16T15:08:47.497+0500] {subprocess.py:93} INFO -  55 files changed, 831 insertions(+), 1 deletion(-)
[2023-12-16T15:08:47.497+0500] {subprocess.py:93} INFO -  create mode 100644 logs/dag_id=etl_json_dag/run_id=manual__2023-12-16T10:08:31.283565+00:00/task_id=dvc_add/attempt=1.log
[2023-12-16T15:08:47.497+0500] {subprocess.py:93} INFO -  create mode 100644 logs/dag_id=etl_json_dag/run_id=manual__2023-12-16T10:08:31.283565+00:00/task_id=extract/attempt=1.log
[2023-12-16T15:08:47.497+0500] {subprocess.py:93} INFO -  create mode 100644 logs/dag_id=etl_json_dag/run_id=manual__2023-12-16T10:08:31.283565+00:00/task_id=git_commit/attempt=1.log
[2023-12-16T15:08:47.497+0500] {subprocess.py:93} INFO -  create mode 100644 logs/dag_id=etl_json_dag/run_id=manual__2023-12-16T10:08:31.283565+00:00/task_id=load/attempt=1.log
[2023-12-16T15:08:47.497+0500] {subprocess.py:93} INFO -  create mode 100644 logs/dag_id=etl_json_dag/run_id=manual__2023-12-16T10:08:31.283565+00:00/task_id=transform/attempt=1.log
[2023-12-16T15:08:47.497+0500] {subprocess.py:97} INFO - Command exited with return code 0
[2023-12-16T15:08:47.547+0500] {taskinstance.py:1400} INFO - Marking task as SUCCESS. dag_id=etl_json_dag, task_id=git_commit, execution_date=20231216T100831, start_date=20231216T100846, end_date=20231216T100847
[2023-12-16T15:08:47.599+0500] {local_task_job_runner.py:228} INFO - Task exited with return code 0
[2023-12-16T15:08:47.617+0500] {taskinstance.py:2778} INFO - 1 downstream tasks scheduled from follow-on schedule check
