[2023-12-16T14:51:16.668+0500] {taskinstance.py:1159} INFO - Dependencies all met for dep_context=non-requeueable deps ti=<TaskInstance: etl_json_dag.dvc_add manual__2023-12-16T09:51:05.689282+00:00 [queued]>
[2023-12-16T14:51:16.674+0500] {taskinstance.py:1159} INFO - Dependencies all met for dep_context=requeueable deps ti=<TaskInstance: etl_json_dag.dvc_add manual__2023-12-16T09:51:05.689282+00:00 [queued]>
[2023-12-16T14:51:16.674+0500] {taskinstance.py:1361} INFO - Starting attempt 1 of 2
[2023-12-16T14:51:16.691+0500] {taskinstance.py:1382} INFO - Executing <Task(BashOperator): dvc_add> on 2023-12-16 09:51:05.689282+00:00
[2023-12-16T14:51:16.692+0500] {standard_task_runner.py:57} INFO - Started process 35013 to run task
[2023-12-16T14:51:16.695+0500] {standard_task_runner.py:84} INFO - Running: ['airflow', 'tasks', 'run', 'etl_json_dag', 'dvc_add', 'manual__2023-12-16T09:51:05.689282+00:00', '--job-id', '55', '--raw', '--subdir', 'DAGS_FOLDER/etl_dag.py', '--cfg-path', '/tmp/tmpcgku0urs']
[2023-12-16T14:51:16.696+0500] {standard_task_runner.py:85} INFO - Job 55: Subtask dvc_add
[2023-12-16T14:51:16.732+0500] {task_command.py:416} INFO - Running <TaskInstance: etl_json_dag.dvc_add manual__2023-12-16T09:51:05.689282+00:00 [running]> on host DESKTOP-32G5QSE.
[2023-12-16T14:51:16.786+0500] {taskinstance.py:1662} INFO - Exporting env vars: AIRFLOW_CTX_DAG_OWNER='airflow' AIRFLOW_CTX_DAG_ID='etl_json_dag' AIRFLOW_CTX_TASK_ID='dvc_add' AIRFLOW_CTX_EXECUTION_DATE='2023-12-16T09:51:05.689282+00:00' AIRFLOW_CTX_TRY_NUMBER='1' AIRFLOW_CTX_DAG_RUN_ID='manual__2023-12-16T09:51:05.689282+00:00'
[2023-12-16T14:51:16.790+0500] {subprocess.py:63} INFO - Tmp dir root location: /tmp
[2023-12-16T14:51:16.791+0500] {subprocess.py:75} INFO - Running command: ['/usr/bin/bash', '-c', 'cd /home/sourav/airflow && dvc add transformed_data.json']
[2023-12-16T14:51:16.795+0500] {subprocess.py:86} INFO - Output:
[2023-12-16T14:51:17.383+0500] {subprocess.py:93} INFO - 
[2023-12-16T14:51:17.383+0500] {subprocess.py:93} INFO - To track the changes with git, run:
[2023-12-16T14:51:17.383+0500] {subprocess.py:93} INFO - 
[2023-12-16T14:51:17.383+0500] {subprocess.py:93} INFO - 	git add transformed_data.json.dvc
[2023-12-16T14:51:17.384+0500] {subprocess.py:93} INFO - 
[2023-12-16T14:51:17.384+0500] {subprocess.py:93} INFO - To enable auto staging, run:
[2023-12-16T14:51:17.384+0500] {subprocess.py:93} INFO - 
[2023-12-16T14:51:17.384+0500] {subprocess.py:93} INFO - 	dvc config core.autostage true
[2023-12-16T14:51:17.567+0500] {subprocess.py:97} INFO - Command exited with return code 0
[2023-12-16T14:51:17.610+0500] {taskinstance.py:1400} INFO - Marking task as SUCCESS. dag_id=etl_json_dag, task_id=dvc_add, execution_date=20231216T095105, start_date=20231216T095116, end_date=20231216T095117
[2023-12-16T14:51:17.631+0500] {local_task_job_runner.py:228} INFO - Task exited with return code 0
[2023-12-16T14:51:17.651+0500] {taskinstance.py:2778} INFO - 1 downstream tasks scheduled from follow-on schedule check
