[2023-12-16T15:52:37.334+0500] {taskinstance.py:1159} INFO - Dependencies all met for dep_context=non-requeueable deps ti=<TaskInstance: etl_json_dag.dvc_add manual__2023-12-16T10:47:23.418853+00:00 [queued]>
[2023-12-16T15:52:37.340+0500] {taskinstance.py:1159} INFO - Dependencies all met for dep_context=requeueable deps ti=<TaskInstance: etl_json_dag.dvc_add manual__2023-12-16T10:47:23.418853+00:00 [queued]>
[2023-12-16T15:52:37.340+0500] {taskinstance.py:1361} INFO - Starting attempt 2 of 2
[2023-12-16T15:52:37.359+0500] {taskinstance.py:1382} INFO - Executing <Task(BashOperator): dvc_add> on 2023-12-16 10:47:23.418853+00:00
[2023-12-16T15:52:37.361+0500] {standard_task_runner.py:57} INFO - Started process 52752 to run task
[2023-12-16T15:52:37.366+0500] {standard_task_runner.py:84} INFO - Running: ['airflow', 'tasks', 'run', 'etl_json_dag', 'dvc_add', 'manual__2023-12-16T10:47:23.418853+00:00', '--job-id', '92', '--raw', '--subdir', 'DAGS_FOLDER/etl_dag.py', '--cfg-path', '/tmp/tmpnrzg81xa']
[2023-12-16T15:52:37.367+0500] {standard_task_runner.py:85} INFO - Job 92: Subtask dvc_add
[2023-12-16T15:52:37.414+0500] {task_command.py:416} INFO - Running <TaskInstance: etl_json_dag.dvc_add manual__2023-12-16T10:47:23.418853+00:00 [running]> on host DESKTOP-32G5QSE.
[2023-12-16T15:52:37.479+0500] {taskinstance.py:1662} INFO - Exporting env vars: AIRFLOW_CTX_DAG_OWNER='airflow' AIRFLOW_CTX_DAG_ID='etl_json_dag' AIRFLOW_CTX_TASK_ID='dvc_add' AIRFLOW_CTX_EXECUTION_DATE='2023-12-16T10:47:23.418853+00:00' AIRFLOW_CTX_TRY_NUMBER='2' AIRFLOW_CTX_DAG_RUN_ID='manual__2023-12-16T10:47:23.418853+00:00'
[2023-12-16T15:52:37.485+0500] {subprocess.py:63} INFO - Tmp dir root location: /tmp
[2023-12-16T15:52:37.487+0500] {subprocess.py:75} INFO - Running command: ['/usr/bin/bash', '-c', 'cd /home/sourav/airflow && dvc add transformed_data.json']
[2023-12-16T15:52:37.494+0500] {subprocess.py:86} INFO - Output:
[2023-12-16T15:52:38.211+0500] {subprocess.py:93} INFO - 
[2023-12-16T15:52:38.212+0500] {subprocess.py:93} INFO - To track the changes with git, run:
[2023-12-16T15:52:38.212+0500] {subprocess.py:93} INFO - 
[2023-12-16T15:52:38.212+0500] {subprocess.py:93} INFO - 	git add transformed_data.json.dvc
[2023-12-16T15:52:38.212+0500] {subprocess.py:93} INFO - 
[2023-12-16T15:52:38.212+0500] {subprocess.py:93} INFO - To enable auto staging, run:
[2023-12-16T15:52:38.212+0500] {subprocess.py:93} INFO - 
[2023-12-16T15:52:38.212+0500] {subprocess.py:93} INFO - 	dvc config core.autostage true
[2023-12-16T15:52:38.429+0500] {subprocess.py:97} INFO - Command exited with return code 0
[2023-12-16T15:52:38.470+0500] {taskinstance.py:1400} INFO - Marking task as SUCCESS. dag_id=etl_json_dag, task_id=dvc_add, execution_date=20231216T104723, start_date=20231216T105237, end_date=20231216T105238
[2023-12-16T15:52:38.502+0500] {local_task_job_runner.py:228} INFO - Task exited with return code 0
[2023-12-16T15:52:38.525+0500] {taskinstance.py:2778} INFO - 1 downstream tasks scheduled from follow-on schedule check
