[2023-12-16T14:51:19.714+0500] {taskinstance.py:1159} INFO - Dependencies all met for dep_context=non-requeueable deps ti=<TaskInstance: etl_json_dag.git_commit manual__2023-12-16T09:51:05.689282+00:00 [queued]>
[2023-12-16T14:51:19.721+0500] {taskinstance.py:1159} INFO - Dependencies all met for dep_context=requeueable deps ti=<TaskInstance: etl_json_dag.git_commit manual__2023-12-16T09:51:05.689282+00:00 [queued]>
[2023-12-16T14:51:19.722+0500] {taskinstance.py:1361} INFO - Starting attempt 1 of 2
[2023-12-16T14:51:19.744+0500] {taskinstance.py:1382} INFO - Executing <Task(BashOperator): git_commit> on 2023-12-16 09:51:05.689282+00:00
[2023-12-16T14:51:19.746+0500] {standard_task_runner.py:57} INFO - Started process 35038 to run task
[2023-12-16T14:51:19.749+0500] {standard_task_runner.py:84} INFO - Running: ['airflow', 'tasks', 'run', 'etl_json_dag', 'git_commit', 'manual__2023-12-16T09:51:05.689282+00:00', '--job-id', '56', '--raw', '--subdir', 'DAGS_FOLDER/etl_dag.py', '--cfg-path', '/tmp/tmp44jqu74c']
[2023-12-16T14:51:19.749+0500] {standard_task_runner.py:85} INFO - Job 56: Subtask git_commit
[2023-12-16T14:51:19.790+0500] {task_command.py:416} INFO - Running <TaskInstance: etl_json_dag.git_commit manual__2023-12-16T09:51:05.689282+00:00 [running]> on host DESKTOP-32G5QSE.
[2023-12-16T14:51:19.850+0500] {taskinstance.py:1662} INFO - Exporting env vars: AIRFLOW_CTX_DAG_OWNER='airflow' AIRFLOW_CTX_DAG_ID='etl_json_dag' AIRFLOW_CTX_TASK_ID='git_commit' AIRFLOW_CTX_EXECUTION_DATE='2023-12-16T09:51:05.689282+00:00' AIRFLOW_CTX_TRY_NUMBER='1' AIRFLOW_CTX_DAG_RUN_ID='manual__2023-12-16T09:51:05.689282+00:00'
[2023-12-16T14:51:19.855+0500] {subprocess.py:63} INFO - Tmp dir root location: /tmp
[2023-12-16T14:51:19.856+0500] {subprocess.py:75} INFO - Running command: ['/usr/bin/bash', '-c', 'cd /home/sourav/airflow && git add . && git commit -m "Update data file"']
[2023-12-16T14:51:19.860+0500] {subprocess.py:86} INFO - Output:
[2023-12-16T14:51:20.394+0500] {subprocess.py:93} INFO - [new 20d4198] Update data file
[2023-12-16T14:51:20.394+0500] {subprocess.py:93} INFO -  44 files changed, 448 insertions(+), 1 deletion(-)
[2023-12-16T14:51:20.394+0500] {subprocess.py:93} INFO -  create mode 100644 logs/dag_id=etl_json_dag/run_id=manual__2023-12-16T09:51:05.689282+00:00/task_id=dvc_add/attempt=1.log
[2023-12-16T14:51:20.395+0500] {subprocess.py:93} INFO -  create mode 100644 logs/dag_id=etl_json_dag/run_id=manual__2023-12-16T09:51:05.689282+00:00/task_id=extract/attempt=1.log
[2023-12-16T14:51:20.395+0500] {subprocess.py:93} INFO -  create mode 100644 logs/dag_id=etl_json_dag/run_id=manual__2023-12-16T09:51:05.689282+00:00/task_id=git_commit/attempt=1.log
[2023-12-16T14:51:20.395+0500] {subprocess.py:93} INFO -  create mode 100644 logs/dag_id=etl_json_dag/run_id=manual__2023-12-16T09:51:05.689282+00:00/task_id=load/attempt=1.log
[2023-12-16T14:51:20.395+0500] {subprocess.py:93} INFO -  create mode 100644 logs/dag_id=etl_json_dag/run_id=manual__2023-12-16T09:51:05.689282+00:00/task_id=transform/attempt=1.log
[2023-12-16T14:51:20.395+0500] {subprocess.py:97} INFO - Command exited with return code 0
[2023-12-16T14:51:20.439+0500] {taskinstance.py:1400} INFO - Marking task as SUCCESS. dag_id=etl_json_dag, task_id=git_commit, execution_date=20231216T095105, start_date=20231216T095119, end_date=20231216T095120
[2023-12-16T14:51:20.484+0500] {local_task_job_runner.py:228} INFO - Task exited with return code 0
[2023-12-16T14:51:20.507+0500] {taskinstance.py:2778} INFO - 1 downstream tasks scheduled from follow-on schedule check
