[2023-12-16T13:55:09.812+0500] {taskinstance.py:1159} INFO - Dependencies all met for dep_context=non-requeueable deps ti=<TaskInstance: etl_json_dag.git_commit manual__2023-12-16T08:54:54.832273+00:00 [queued]>
[2023-12-16T13:55:09.817+0500] {taskinstance.py:1159} INFO - Dependencies all met for dep_context=requeueable deps ti=<TaskInstance: etl_json_dag.git_commit manual__2023-12-16T08:54:54.832273+00:00 [queued]>
[2023-12-16T13:55:09.817+0500] {taskinstance.py:1361} INFO - Starting attempt 1 of 2
[2023-12-16T13:55:09.837+0500] {taskinstance.py:1382} INFO - Executing <Task(BashOperator): git_commit> on 2023-12-16 08:54:54.832273+00:00
[2023-12-16T13:55:09.839+0500] {standard_task_runner.py:57} INFO - Started process 18975 to run task
[2023-12-16T13:55:09.843+0500] {standard_task_runner.py:84} INFO - Running: ['airflow', 'tasks', 'run', 'etl_json_dag', 'git_commit', 'manual__2023-12-16T08:54:54.832273+00:00', '--job-id', '33', '--raw', '--subdir', 'DAGS_FOLDER/etl_dag.py', '--cfg-path', '/tmp/tmpocnzzmdl']
[2023-12-16T13:55:09.844+0500] {standard_task_runner.py:85} INFO - Job 33: Subtask git_commit
[2023-12-16T13:55:09.881+0500] {task_command.py:416} INFO - Running <TaskInstance: etl_json_dag.git_commit manual__2023-12-16T08:54:54.832273+00:00 [running]> on host DESKTOP-32G5QSE.
[2023-12-16T13:55:09.942+0500] {taskinstance.py:1662} INFO - Exporting env vars: AIRFLOW_CTX_DAG_OWNER='airflow' AIRFLOW_CTX_DAG_ID='etl_json_dag' AIRFLOW_CTX_TASK_ID='git_commit' AIRFLOW_CTX_EXECUTION_DATE='2023-12-16T08:54:54.832273+00:00' AIRFLOW_CTX_TRY_NUMBER='1' AIRFLOW_CTX_DAG_RUN_ID='manual__2023-12-16T08:54:54.832273+00:00'
[2023-12-16T13:55:09.947+0500] {subprocess.py:63} INFO - Tmp dir root location: /tmp
[2023-12-16T13:55:09.948+0500] {subprocess.py:75} INFO - Running command: ['/usr/bin/bash', '-c', 'cd /home/sourav/airflow && git add . && git commit -m "Update data file"']
[2023-12-16T13:55:09.952+0500] {subprocess.py:86} INFO - Output:
[2023-12-16T13:55:10.451+0500] {subprocess.py:93} INFO - [new e172918] Update data file
[2023-12-16T13:55:10.451+0500] {subprocess.py:93} INFO -  58 files changed, 8178 insertions(+)
[2023-12-16T13:55:10.452+0500] {subprocess.py:93} INFO -  create mode 100644 .gitignore
[2023-12-16T13:55:10.452+0500] {subprocess.py:93} INFO -  create mode 100644 airflow-webserver.pid
[2023-12-16T13:55:10.452+0500] {subprocess.py:93} INFO -  create mode 100644 logs/dag_id=etl_json_dag/run_id=manual__2023-12-16T08:54:54.832273+00:00/task_id=dvc_add/attempt=1.log
[2023-12-16T13:55:10.452+0500] {subprocess.py:93} INFO -  create mode 100644 logs/dag_id=etl_json_dag/run_id=manual__2023-12-16T08:54:54.832273+00:00/task_id=extract/attempt=1.log
[2023-12-16T13:55:10.452+0500] {subprocess.py:93} INFO -  create mode 100644 logs/dag_id=etl_json_dag/run_id=manual__2023-12-16T08:54:54.832273+00:00/task_id=git_commit/attempt=1.log
[2023-12-16T13:55:10.452+0500] {subprocess.py:93} INFO -  create mode 100644 logs/dag_id=etl_json_dag/run_id=manual__2023-12-16T08:54:54.832273+00:00/task_id=load/attempt=1.log
[2023-12-16T13:55:10.452+0500] {subprocess.py:93} INFO -  create mode 100644 logs/dag_id=etl_json_dag/run_id=manual__2023-12-16T08:54:54.832273+00:00/task_id=transform/attempt=1.log
[2023-12-16T13:55:10.452+0500] {subprocess.py:93} INFO -  create mode 100644 transformed_data.json.dvc
[2023-12-16T13:55:10.452+0500] {subprocess.py:97} INFO - Command exited with return code 0
[2023-12-16T13:55:10.505+0500] {taskinstance.py:1400} INFO - Marking task as SUCCESS. dag_id=etl_json_dag, task_id=git_commit, execution_date=20231216T085454, start_date=20231216T085509, end_date=20231216T085510
[2023-12-16T13:55:10.539+0500] {local_task_job_runner.py:228} INFO - Task exited with return code 0
[2023-12-16T13:55:10.555+0500] {taskinstance.py:2778} INFO - 1 downstream tasks scheduled from follow-on schedule check
